<?xml version="1.0" encoding="UTF-8"?>
<!-- Generated by org.testng.reporters.JUnitXMLReporter -->
<testsuite ignored="1" hostname="LAPTOP-RC3D59B9" failures="0" tests="1" name="Default test" time="81.558" errors="0" timestamp="2025-03-26T16:31:07 IST">
  <testcase classname="test.RegistratinTest" name="testValidRegistration" time="64.723"/>
  <testcase classname="test.RegistratinTest" name="testInvalidRegistration" time="0.0">
    <ignored/>
  </testcase> <!-- testInvalidRegistration -->
</testsuite> <!-- Default test -->
