<?xml version="1.0" encoding="UTF-8"?>
<testng-results ignored="0" total="2" passed="1" failed="1" skipped="0">
  <reporter-output>
    <line>
      <![CDATA[Execute in Grid:no]]>
    </line>
    <line>
      <![CDATA[Browser is:chrome]]>
    </line>
    <line>
      <![CDATA[Set ITO:7]]>
    </line>
    <line>
      <![CDATA[Enter the URL:https://app.getcalley.com/Login.aspx]]>
    </line>
    <line>
      <![CDATA[Maximize the browser]]>
    </line>
    <line>
      <![CDATA[Set ETO:6]]>
    </line>
    <line>
      <![CDATA[Running Login Scenario: valid]]>
    </line>
    <line>
      <![CDATA[Close the browser]]>
    </line>
    <line>
      <![CDATA[Execute in Grid:no]]>
    </line>
    <line>
      <![CDATA[Browser is:chrome]]>
    </line>
    <line>
      <![CDATA[Set ITO:7]]>
    </line>
    <line>
      <![CDATA[Enter the URL:https://app.getcalley.com/Login.aspx]]>
    </line>
    <line>
      <![CDATA[Maximize the browser]]>
    </line>
    <line>
      <![CDATA[Set ETO:6]]>
    </line>
    <line>
      <![CDATA[Running Login Scenario: invalid]]>
    </line>
    <line>
      <![CDATA[Close the browser]]>
    </line>
  </reporter-output>
  <suite started-at="2025-03-22T11:32:02 IST" name="Default suite" finished-at="2025-03-22T11:33:11 IST" duration-ms="68957">
    <groups>
    </groups>
    <test started-at="2025-03-22T11:32:02 IST" name="Default test" finished-at="2025-03-22T11:33:11 IST" duration-ms="68957">
      <class name="test.FullSetupTest">
        <test-method is-config="true" signature="preCondition(java.lang.String,java.lang.String,java.lang.String,java.lang.String,java.lang.String)[pri:0, instance:test.FullSetupTest@4c371370]" started-at="2025-03-22T11:32:02 IST" name="preCondition" finished-at="2025-03-22T11:32:08 IST" duration-ms="6140" status="PASS">
          <params>
            <param index="0">
              <value>
                <![CDATA[no]]>
              </value>
            </param>
            <param index="1">
              <value>
                <![CDATA[https://oauth-jishna.pc-13467:1e28c5da-c51e-44c3-93c4-26c352300941@ondemand.eu-central-1.saucelabs.com:443/wd/hub]]>
              </value>
            </param>
            <param index="2">
              <value>
                <![CDATA[chrome]]>
              </value>
            </param>
            <param index="3">
              <value>
                <![CDATA[7]]>
              </value>
            </param>
            <param index="4">
              <value>
                <![CDATA[6]]>
              </value>
            </param>
          </params>
          <reporter-output>
            <line>
              <![CDATA[Execute in Grid:no]]>
            </line>
            <line>
              <![CDATA[Browser is:chrome]]>
            </line>
            <line>
              <![CDATA[Set ITO:7]]>
            </line>
            <line>
              <![CDATA[Enter the URL:https://app.getcalley.com/Login.aspx]]>
            </line>
            <line>
              <![CDATA[Maximize the browser]]>
            </line>
            <line>
              <![CDATA[Set ETO:6]]>
            </line>
          </reporter-output>
        </test-method> <!-- preCondition -->
        <test-method signature="testLoginFlow(java.lang.String,java.lang.String,java.lang.String,java.lang.String,java.lang.String)[pri:0, instance:test.FullSetupTest@4c371370]" started-at="2025-03-22T11:32:08 IST" name="testLoginFlow" data-provider="loginScenarios" finished-at="2025-03-22T11:32:24 IST" duration-ms="15842" status="FAIL">
          <params>
            <param index="0">
              <value>
                <![CDATA[jishna.abhilash86@gmail.comb]]>
              </value>
            </param>
            <param index="1">
              <value>
                <![CDATA[123456]]>
              </value>
            </param>
            <param index="2">
              <value>
                <![CDATA[valid]]>
              </value>
            </param>
            <param index="3">
              <value>
                <![CDATA[ListTest]]>
              </value>
            </param>
            <param index="4">
              <value>
                <![CDATA[C:\Users\jishnaabhilash\Downloads\Sample File cCopy.csv]]>
              </value>
            </param>
          </params>
          <exception class="java.lang.AssertionError">
            <message>
              <![CDATA[Dashboard should be visible after valid login expected [true] but found [false]]]>
            </message>
            <full-stacktrace>
              <![CDATA[java.lang.AssertionError: Dashboard should be visible after valid login expected [true] but found [false]
at org.testng.Assert.fail(Assert.java:111)
at org.testng.Assert.failNotEquals(Assert.java:1578)
at org.testng.Assert.assertTrue(Assert.java:57)
at test.FullSetupTest.testLoginFlow(FullSetupTest.java:94)
at java.base/jdk.internal.reflect.DirectMethodHandleAccessor.invoke(DirectMethodHandleAccessor.java:104)
at java.base/java.lang.reflect.Method.invoke(Method.java:578)
at org.testng.internal.invokers.MethodInvocationHelper.invokeMethod(MethodInvocationHelper.java:139)
at org.testng.internal.invokers.TestInvoker.invokeMethod(TestInvoker.java:664)
at org.testng.internal.invokers.TestInvoker.invokeTestMethod(TestInvoker.java:227)
at org.testng.internal.invokers.MethodRunner.runInSequence(MethodRunner.java:50)
at org.testng.internal.invokers.TestInvoker$MethodInvocationAgent.invoke(TestInvoker.java:957)
at org.testng.internal.invokers.TestInvoker.invokeTestMethods(TestInvoker.java:200)
at org.testng.internal.invokers.TestMethodWorker.invokeTestMethods(TestMethodWorker.java:148)
at org.testng.internal.invokers.TestMethodWorker.run(TestMethodWorker.java:128)
at java.base/java.util.ArrayList.forEach(ArrayList.java:1511)
at org.testng.TestRunner.privateRun(TestRunner.java:848)
at org.testng.TestRunner.run(TestRunner.java:621)
at org.testng.SuiteRunner.runTest(SuiteRunner.java:443)
at org.testng.SuiteRunner.runSequentially(SuiteRunner.java:437)
at org.testng.SuiteRunner.privateRun(SuiteRunner.java:397)
at org.testng.SuiteRunner.run(SuiteRunner.java:336)
at org.testng.SuiteRunnerWorker.runSuite(SuiteRunnerWorker.java:52)
at org.testng.SuiteRunnerWorker.run(SuiteRunnerWorker.java:95)
at org.testng.TestNG.runSuitesSequentially(TestNG.java:1280)
at org.testng.TestNG.runSuitesLocally(TestNG.java:1200)
at org.testng.TestNG.runSuites(TestNG.java:1114)
at org.testng.TestNG.run(TestNG.java:1082)
at org.testng.remote.AbstractRemoteTestNG.run(AbstractRemoteTestNG.java:115)
at org.testng.remote.RemoteTestNG.initAndRun(RemoteTestNG.java:251)
at org.testng.remote.RemoteTestNG.main(RemoteTestNG.java:77)
]]>
            </full-stacktrace>
          </exception> <!-- java.lang.AssertionError -->
          <reporter-output>
            <line>
              <![CDATA[Running Login Scenario: valid]]>
            </line>
          </reporter-output>
        </test-method> <!-- testLoginFlow -->
        <test-method is-config="true" signature="postCondition(org.testng.ITestResult)[pri:0, instance:test.FullSetupTest@4c371370]" started-at="2025-03-22T11:32:24 IST" name="postCondition" finished-at="2025-03-22T11:32:45 IST" duration-ms="20402" status="PASS">
          <params>
            <param index="0">
              <value>
                <![CDATA[[TestResult name=testLoginFlow status=FAILURE method=FullSetupTest.testLoginFlow(java.lang.String,java.lang.String,java.lang.String,java.lang.String,java.lang.String)[pri:0, instance:test.FullSetupTest@4c371370] output=Running Login Scenario: valid]]]>
              </value>
            </param>
          </params>
          <reporter-output>
            <line>
              <![CDATA[Close the browser]]>
            </line>
          </reporter-output>
        </test-method> <!-- postCondition -->
        <test-method is-config="true" signature="preCondition(java.lang.String,java.lang.String,java.lang.String,java.lang.String,java.lang.String)[pri:0, instance:test.FullSetupTest@4c371370]" started-at="2025-03-22T11:32:45 IST" name="preCondition" finished-at="2025-03-22T11:32:49 IST" duration-ms="4853" status="PASS">
          <params>
            <param index="0">
              <value>
                <![CDATA[no]]>
              </value>
            </param>
            <param index="1">
              <value>
                <![CDATA[https://oauth-jishna.pc-13467:1e28c5da-c51e-44c3-93c4-26c352300941@ondemand.eu-central-1.saucelabs.com:443/wd/hub]]>
              </value>
            </param>
            <param index="2">
              <value>
                <![CDATA[chrome]]>
              </value>
            </param>
            <param index="3">
              <value>
                <![CDATA[7]]>
              </value>
            </param>
            <param index="4">
              <value>
                <![CDATA[6]]>
              </value>
            </param>
          </params>
          <reporter-output>
            <line>
              <![CDATA[Execute in Grid:no]]>
            </line>
            <line>
              <![CDATA[Browser is:chrome]]>
            </line>
            <line>
              <![CDATA[Set ITO:7]]>
            </line>
            <line>
              <![CDATA[Enter the URL:https://app.getcalley.com/Login.aspx]]>
            </line>
            <line>
              <![CDATA[Maximize the browser]]>
            </line>
            <line>
              <![CDATA[Set ETO:6]]>
            </line>
          </reporter-output>
        </test-method> <!-- preCondition -->
        <test-method signature="testLoginFlow(java.lang.String,java.lang.String,java.lang.String,java.lang.String,java.lang.String)[pri:0, instance:test.FullSetupTest@4c371370]" started-at="2025-03-22T11:32:49 IST" name="testLoginFlow" data-provider="loginScenarios" finished-at="2025-03-22T11:32:51 IST" duration-ms="1328" status="PASS">
          <params>
            <param index="0">
              <value>
                <![CDATA[wrong@email.com]]>
              </value>
            </param>
            <param index="1">
              <value>
                <![CDATA[wrongpass]]>
              </value>
            </param>
            <param index="2">
              <value>
                <![CDATA[invalid]]>
              </value>
            </param>
            <param index="3">
              <value>
                <![CDATA[]]>
              </value>
            </param>
            <param index="4">
              <value>
                <![CDATA[]]>
              </value>
            </param>
          </params>
          <reporter-output>
            <line>
              <![CDATA[Running Login Scenario: invalid]]>
            </line>
          </reporter-output>
        </test-method> <!-- testLoginFlow -->
        <test-method is-config="true" signature="postCondition(org.testng.ITestResult)[pri:0, instance:test.FullSetupTest@4c371370]" started-at="2025-03-22T11:32:51 IST" name="postCondition" finished-at="2025-03-22T11:33:11 IST" duration-ms="20340" status="PASS">
          <params>
            <param index="0">
              <value>
                <![CDATA[[TestResult name=testLoginFlow status=SUCCESS method=FullSetupTest.testLoginFlow(java.lang.String,java.lang.String,java.lang.String,java.lang.String,java.lang.String)[pri:0, instance:test.FullSetupTest@4c371370] output=Running Login Scenario: invalid]]]>
              </value>
            </param>
          </params>
          <reporter-output>
            <line>
              <![CDATA[Close the browser]]>
            </line>
          </reporter-output>
        </test-method> <!-- postCondition -->
      </class> <!-- test.FullSetupTest -->
    </test> <!-- Default test -->
  </suite> <!-- Default suite -->
</testng-results>
