<?xml version="1.0" encoding="UTF-8"?>
<testng-results ignored="0" total="1" passed="1" failed="0" skipped="0">
  <reporter-output>
    <line>
      <![CDATA[Browser is:chrome]]>
    </line>
    <line>
      <![CDATA[Set ITO:7]]>
    </line>
    <line>
      <![CDATA[Enter the URL:https://app.getcalley.com/registration.aspx]]>
    </line>
    <line>
      <![CDATA[Maximize the browser]]>
    </line>
    <line>
      <![CDATA[Set ETO:6]]>
    </line>
    <line>
      <![CDATA[Starting Valid Registration Test]]>
    </line>
    <line>
      <![CDATA[Close the browser]]>
    </line>
  </reporter-output>
  <suite started-at="2025-03-26T16:29:46 IST" name="Default suite" finished-at="2025-03-26T16:31:07 IST" duration-ms="81558">
    <groups>
    </groups>
    <test started-at="2025-03-26T16:29:46 IST" name="Default test" finished-at="2025-03-26T16:31:07 IST" duration-ms="81558">
      <class name="test.RegistratinTest">
        <test-method is-config="true" signature="preCondition(java.lang.String,java.lang.String,java.lang.String)[pri:0, instance:test.RegistratinTest@1bd4fdd]" started-at="2025-03-26T16:29:46 IST" name="preCondition" finished-at="2025-03-26T16:30:00 IST" duration-ms="14089" status="PASS">
          <params>
            <param index="0">
              <value>
                <![CDATA[chrome]]>
              </value>
            </param>
            <param index="1">
              <value>
                <![CDATA[7]]>
              </value>
            </param>
            <param index="2">
              <value>
                <![CDATA[6]]>
              </value>
            </param>
          </params>
          <reporter-output>
            <line>
              <![CDATA[Browser is:chrome]]>
            </line>
            <line>
              <![CDATA[Set ITO:7]]>
            </line>
            <line>
              <![CDATA[Enter the URL:https://app.getcalley.com/registration.aspx]]>
            </line>
            <line>
              <![CDATA[Maximize the browser]]>
            </line>
            <line>
              <![CDATA[Set ETO:6]]>
            </line>
          </reporter-output>
        </test-method> <!-- preCondition -->
        <test-method signature="testValidRegistration()[pri:1, instance:test.RegistratinTest@1bd4fdd]" started-at="2025-03-26T16:30:00 IST" name="testValidRegistration" finished-at="2025-03-26T16:31:04 IST" duration-ms="64723" status="PASS">
          <reporter-output>
            <line>
              <![CDATA[Starting Valid Registration Test]]>
            </line>
          </reporter-output>
        </test-method> <!-- testValidRegistration -->
        <test-method is-config="true" signature="postCondition(org.testng.ITestResult)[pri:0, instance:test.RegistratinTest@1bd4fdd]" started-at="2025-03-26T16:31:04 IST" name="postCondition" finished-at="2025-03-26T16:31:07 IST" duration-ms="2671" status="PASS">
          <params>
            <param index="0">
              <value>
                <![CDATA[[TestResult name=testValidRegistration status=SUCCESS method=RegistratinTest.testValidRegistration()[pri:1, instance:test.RegistratinTest@1bd4fdd] output=Starting Valid Registration Test]]]>
              </value>
            </param>
          </params>
          <reporter-output>
            <line>
              <![CDATA[Close the browser]]>
            </line>
          </reporter-output>
        </test-method> <!-- postCondition -->
      </class> <!-- test.RegistratinTest -->
    </test> <!-- Default test -->
  </suite> <!-- Default suite -->
</testng-results>
